  Moc'ing game1.h...
  Moc'ing list.h...
  Moc'ing gameover.h...
  Moc'ing congratulation.h...
  Moc'ing include\flyingObject.h...
  Moc'ing start.h...
  Rcc'ing start.qrc...
  Uic'ing congratulation.ui...
  Uic'ing game1.ui...
  Uic'ing gameover.ui...
  Uic'ing list.ui...
  Uic'ing start.ui...
  congratulation.cpp
  game1.cpp
  gameover.cpp
  list.cpp
  main.cpp
  Boss.cpp
  Bullet.cpp
  FlyingObject.cpp
  playerfighter.cpp
  start.cpp
  moc_game1.cpp
  moc_list.cpp
  moc_gameover.cpp
  moc_congratulation.cpp
  moc_flyingObject.cpp
  moc_start.cpp
  qrc_start.cpp
  Gui.vcxproj -> C:\Users\Lenovo\Documents\project\Thunder\x64\Debug\Gui.exe
