c:\users\16287\source\repos\gui\gui\x64\debug\vc141.pdb
c:\users\16287\source\repos\gui\gui\x64\debug\list.obj
c:\users\16287\source\repos\gui\gui\x64\debug\game1.obj
c:\users\16287\source\repos\gui\gui\x64\debug\moc_game1.obj
c:\users\16287\source\repos\gui\gui\x64\debug\qrc_start.obj
c:\users\16287\source\repos\gui\gui\x64\debug\main.obj
c:\users\16287\source\repos\gui\gui\x64\debug\playerfighter.obj
c:\users\16287\source\repos\gui\gui\x64\debug\moc_start.obj
c:\users\16287\source\repos\gui\gui\x64\debug\boss.obj
c:\users\16287\source\repos\gui\gui\x64\debug\flyingobject.obj
c:\users\16287\source\repos\gui\gui\x64\debug\moc_flyingobject.obj
c:\users\16287\source\repos\gui\gui\x64\debug\bullet.obj
c:\users\16287\source\repos\gui\gui\x64\debug\start.obj
c:\users\16287\source\repos\gui\gui\x64\debug\moc_list.obj
c:\users\16287\documents\github\thunder\gui\x64\debug\boss.obj
c:\users\16287\documents\github\thunder\gui\x64\debug\flyingobject.obj
c:\users\16287\documents\github\thunder\gui\x64\debug\moc_flyingobject.obj
c:\users\16287\documents\github\thunder\gui\x64\debug\game1.obj
c:\users\16287\documents\github\thunder\gui\x64\debug\playerfighter.obj
c:\users\16287\documents\github\thunder\gui\x64\debug\moc_start.obj
c:\users\16287\documents\github\thunder\gui\x64\debug\list.obj
c:\users\16287\documents\github\thunder\gui\x64\debug\bullet.obj
c:\users\16287\documents\github\thunder\gui\x64\debug\moc_list.obj
c:\users\16287\documents\github\thunder\gui\x64\debug\qrc_start.obj
c:\users\16287\documents\github\thunder\gui\x64\debug\main.obj
c:\users\16287\documents\github\thunder\gui\x64\debug\start.obj
c:\users\16287\documents\github\thunder\gui\x64\debug\moc_game1.obj
c:\users\16287\documents\github\thunder\gui\x64\debug\vc141.pdb
c:\users\16287\documents\github\thunder\gui\x64\debug\gameover.obj
c:\users\16287\documents\github\thunder\gui\x64\debug\moc_gameover.obj
c:\users\lenovo\documents\project\thunder\gui\x64\debug\game1.obj
c:\users\lenovo\documents\project\thunder\gui\x64\debug\flyingobject.obj
c:\users\lenovo\documents\project\thunder\gui\x64\debug\moc_list.obj
c:\users\lenovo\documents\project\thunder\gui\x64\debug\moc_start.obj
c:\users\lenovo\documents\project\thunder\gui\x64\debug\gameover.obj
c:\users\lenovo\documents\project\thunder\gui\x64\debug\boss.obj
c:\users\lenovo\documents\project\thunder\gui\x64\debug\moc_game1.obj
c:\users\lenovo\documents\project\thunder\gui\x64\debug\qrc_start.obj
c:\users\lenovo\documents\project\thunder\gui\x64\debug\list.obj
c:\users\lenovo\documents\project\thunder\gui\x64\debug\bullet.obj
c:\users\lenovo\documents\project\thunder\gui\x64\debug\start.obj
c:\users\lenovo\documents\project\thunder\gui\x64\debug\moc_flyingobject.obj
c:\users\lenovo\documents\project\thunder\gui\x64\debug\main.obj
c:\users\lenovo\documents\project\thunder\gui\x64\debug\playerfighter.obj
c:\users\lenovo\documents\project\thunder\gui\x64\debug\moc_gameover.obj
c:\users\lenovo\documents\project\thunder\gui\x64\debug\vc141.pdb
c:\users\lenovo\documents\project\thunder\gui\x64\debug\congratulation.obj
c:\users\lenovo\documents\project\thunder\gui\x64\debug\moc_congratulation.obj
c:\users\16287\documents\github\thunder\gui\x64\debug\congratulation.obj
c:\users\16287\documents\github\thunder\gui\x64\debug\moc_congratulation.obj
c:\users\16287\source\repos\gui\gui\generatedfiles\debug\moc_game1.cpp
c:\users\16287\source\repos\gui\gui\generatedfiles\debug\moc_list.cpp
c:\users\16287\source\repos\gui\gui\generatedfiles\debug\moc_flyingobject.cpp
c:\users\16287\source\repos\gui\gui\generatedfiles\debug\moc_start.cpp
c:\users\16287\source\repos\gui\gui\generatedfiles\qrc_start.cpp
c:\users\16287\source\repos\gui\gui\generatedfiles\ui_game1.h
c:\users\16287\source\repos\gui\gui\generatedfiles\ui_list.h
c:\users\16287\source\repos\gui\gui\generatedfiles\ui_start.h
c:\users\16287\documents\github\thunder\gui\generatedfiles\debug\moc_list.cpp
c:\users\16287\documents\github\thunder\gui\generatedfiles\debug\moc_start.cpp
c:\users\16287\documents\github\thunder\gui\generatedfiles\ui_game1.h
c:\users\16287\documents\github\thunder\gui\generatedfiles\ui_list.h
c:\users\16287\documents\github\thunder\gui\generatedfiles\ui_start.h
c:\users\16287\documents\github\thunder\gui\generatedfiles\debug\moc_game1.cpp
c:\users\16287\documents\github\thunder\gui\generatedfiles\debug\moc_flyingobject.cpp
c:\users\16287\documents\github\thunder\gui\generatedfiles\qrc_start.cpp
c:\users\16287\documents\github\thunder\gui\generatedfiles\debug\moc_gameover.cpp
c:\users\16287\documents\github\thunder\gui\generatedfiles\ui_gameover.h
c:\users\lenovo\documents\project\thunder\gui\generatedfiles\debug\moc_game1.cpp
c:\users\lenovo\documents\project\thunder\gui\generatedfiles\debug\moc_list.cpp
c:\users\lenovo\documents\project\thunder\gui\generatedfiles\debug\moc_gameover.cpp
c:\users\lenovo\documents\project\thunder\gui\generatedfiles\debug\moc_flyingobject.cpp
c:\users\lenovo\documents\project\thunder\gui\generatedfiles\debug\moc_start.cpp
c:\users\lenovo\documents\project\thunder\gui\generatedfiles\qrc_start.cpp
c:\users\lenovo\documents\project\thunder\gui\generatedfiles\ui_game1.h
c:\users\lenovo\documents\project\thunder\gui\generatedfiles\ui_gameover.h
c:\users\lenovo\documents\project\thunder\gui\generatedfiles\ui_list.h
c:\users\lenovo\documents\project\thunder\gui\generatedfiles\ui_start.h
c:\users\lenovo\documents\project\thunder\gui\generatedfiles\debug\moc_congratulation.cpp
c:\users\lenovo\documents\project\thunder\gui\generatedfiles\ui_congratulation.h
c:\users\16287\documents\github\thunder\gui\generatedfiles\debug\moc_congratulation.cpp
c:\users\16287\documents\github\thunder\gui\generatedfiles\ui_congratulation.h
c:\users\16287\source\repos\gui\x64\debug\gui.ilk
c:\users\16287\source\repos\gui\x64\debug\gui.exe
c:\users\16287\source\repos\gui\x64\debug\gui.pdb
c:\users\lenovo\documents\project\thunder\x64\debug\gui.exe
c:\users\lenovo\documents\project\thunder\x64\debug\gui.ilk
c:\users\lenovo\documents\project\thunder\x64\debug\gui.pdb
c:\users\16287\documents\github\thunder\x64\debug\gui.exe
c:\users\16287\documents\github\thunder\x64\debug\gui.ilk
c:\users\16287\documents\github\thunder\x64\debug\gui.pdb
c:\users\16287\documents\github\thunder\gui\x64\debug\gui.tlog\cl.command.1.tlog
c:\users\16287\documents\github\thunder\gui\x64\debug\gui.tlog\cl.read.1.tlog
c:\users\16287\documents\github\thunder\gui\x64\debug\gui.tlog\cl.write.1.tlog
c:\users\16287\documents\github\thunder\gui\x64\debug\gui.tlog\gui.write.1u.tlog
c:\users\16287\documents\github\thunder\gui\x64\debug\gui.tlog\link.command.1.tlog
c:\users\16287\documents\github\thunder\gui\x64\debug\gui.tlog\link.read.1.tlog
c:\users\16287\documents\github\thunder\gui\x64\debug\gui.tlog\link.write.1.tlog
